<?xml version="1.0" encoding="UTF-8"?>
<!-- Generated by org.testng.reporters.JUnitReportReporter -->
<testsuite hostname="LAPTOP-2E2LL4NE" failures="0" tests="1" name="cucumberOptions.testRunner" time="20.972" errors="0" timestamp="2020-11-03T19:04:51 IST" skipped="0">
  <testcase classname="cucumberOptions.testRunner" name="feature" time="20.972"/>
  <system-out/>
</testsuite> <!-- cucumberOptions.testRunner -->
