<?xml version="1.0" encoding="UTF-8"?>
<!-- Generated by org.testng.reporters.JUnitReportReporter -->
<testsuite hostname="LAPTOP-2E2LL4NE" failures="0" tests="1" name="Arnab.ValidateTitle" time="0.000" errors="0" timestamp="2020-10-22T14:23:01 IST" skipped="1">
  <testcase classname="Arnab.ValidateTitle" name="validateTitle" time="0.000">
    <skipped/>
  </testcase> <!-- validateTitle -->
  <system-out/>
</testsuite> <!-- Arnab.ValidateTitle -->
