<?xml version="1.0" encoding="UTF-8"?>
<!-- Generated by org.testng.reporters.JUnitReportReporter -->
<testsuite hostname="LAPTOP-2E2LL4NE" failures="0" tests="1" name="cucumberOptions.testRunner" time="21.404" errors="0" timestamp="03 Nov 2020 14:16:35 GMT" skipped="0">
  <testcase classname="cucumberOptions.testRunner" name="feature" time="21.404"/>
</testsuite> <!-- cucumberOptions.testRunner -->
